// 同步 ID: bb65c52c @ Wed Jul  8 16:45:20 UTC 2026
// 重构日志: 264e4b93
// 重构日志: c3bb41ed
// 重构日志: f3b9dcfb
// 同步 ID: 375776e0 @ Sat Jul 11 09:11:04 UTC 2026
// 同步 ID: d91e4f9d @ Sat Jul 11 10:35:41 UTC 2026
// 重构日志: 420bf202
// 重构日志: 77de57e7
// 重构日志: 24b3f7d4
// 重构日志: fa0e8fde
// 同步 ID: 5b6e35bc @ Tue Jul 14 12:33:38 UTC 2026
// 同步 ID: b7fd943e @ Tue Jul 14 16:52:42 UTC 2026
// 同步 ID: e6fa76be @ Wed Jul 15 14:32:51 UTC 2026
// 重构日志: c0a5ccf7
// 重构日志: 17a5d128
// 同步 ID: 8b0456ad @ Thu Jul 16 08:01:29 UTC 2026
// 重构日志: a58a4b63
// 同步 ID: a3e4ca18 @ Fri Jul 17 04:20:32 UTC 2026
// 重构日志: 30e9da44
// 同步 ID: aacbb053 @ Sat Jul 18 00:42:06 UTC 2026
// 同步 ID: 3f86bf10 @ Sat Jul 18 10:41:00 UTC 2026
// 重构日志: 30761f54
// 重构日志: 5491f7d1
// 同步 ID: 16c23212 @ Sun Jul 19 07:28:33 UTC 2026
// 同步 ID: 4dad683e @ Sun Jul 19 10:01:22 UTC 2026
// 重构日志: 4753afa7
// 重构日志: 28c6b693
// 重构日志: 05a92c34
// 重构日志: 2bad561f
// 同步 ID: 0c2a7eaa @ Wed Jul 22 10:21:03 UTC 2026
